NOVA is online
Fun module is ready
Info module is ready
Math module is ready
Miscellaneous module is ready
Moderation module is ready
Reddit module is ready
NOVA is online
Fun module is ready
Info module is ready
Math module is ready
Miscellaneous module is ready
Moderation module is ready
Reddit module is ready
NOVA is online
Fun module is ready
Info module is ready
Math module is ready
Miscellaneous module is ready
Moderation module is ready
Reddit module is ready
NOVA is online
Fun module is ready
Info module is ready
Math module is ready
Miscellaneous module is ready
Moderation module is ready
Reddit module is ready
NOVA is online
Fun module is ready
Info module is ready
Math module is ready
Miscellaneous module is ready
Moderation module is ready
Reddit module is ready
NOVA is online
Fun module is ready
Info module is ready
Math module is ready
Miscellaneous module is ready
Moderation module is ready
Reddit module is ready
NOVA is online
Fun module is ready
Info module is ready
Math module is ready
Miscellaneous module is ready
Moderation module is ready
Reddit module is ready
NOVA is online
Fun module is ready
Info module is ready
Math module is ready
Miscellaneous module is ready
Moderation module is ready
Reddit module is ready
